2019-04-28 10:10:46,515 <ERROR> Thread-2 can not find ./scripts/nodemanager.py
2019-04-28 10:10:46,571 <INFO> task datanode returned ['', 'Traceback (most recent call last):\n  File "/data/tdwadmin/tdwenv/tentacle/scripts/datanode.py", line 136, in <module>\n    fetch()\n  File "/data/tdwadmin/tdwenv/tentacle/scripts/datanode.py", line 128, in fetch\n    js_metrics = load_metrics()\n  File "/data/tdwadmin/tdwenv/tentacle/scripts/datanode.py", line 123, in load_metrics\n    with open(\'metrics.json2\') as f:\nIOError: [Errno 2] No such file or directory: \'metrics.json2\'\n']
2019-04-28 10:11:29,365 <ERROR> Thread-2 can not find ./scripts/nodemanager.py
2019-04-28 10:11:29,421 <INFO> task datanode returned ['', '']
2019-04-28 10:11:34,973 <ERROR> Thread-2 can not find ./scripts/nodemanager.py
2019-04-28 10:11:35,031 <INFO> task datanode returned ['True\n', '']
2019-04-28 10:11:42,845 <ERROR> Thread-2 can not find ./scripts/nodemanager.py
2019-04-28 10:11:42,927 <INFO> task datanode returned ['True\n', '']
2019-04-28 10:12:06,397 <ERROR> Thread-2 can not find ./scripts/nodemanager.py
2019-04-28 10:12:06,456 <INFO> task datanode returned ["{u'ThreadsWaiting': 1.0, u'ThreadsTerminated': 0.0, u'GcTimeMillisParNew': 0.0, u'MemNonHeapCommittedM': 0.0, u'GcNumInfoThresholdExceeded': 0.0, u'GcTimeMillis': 0.0, u'MemHeapMaxM': 0.0, u'MemHeapUsedM': 109.56604000000004, u'ThreadsBlocked': 0.0, u'LogWarn': 0.0, u'GcTimeMillisConcurrentMarkSweep': 0.0, u'LogError': 0.0, u'MemHeapCommittedM': 0.0, u'GcCountParNew': 0.0, u'MemNonHeapMaxM': 0.0, u'GcCountConcurrentMarkSweep': 0.0, u'ThreadsNew': 0.0, u'ThreadsRunnable': -14.0, u'GcCount': 0.0, u'ThreadsTimedWaiting': 10.0, u'MemMaxM': 0.0, u'GcTotalExtraSleepTime': 2.0, u'GcNumWarnThresholdExceeded': 0.0, u'LogInfo': 183.0, u'LogFatal': 0.0, u'MemNonHeapUsedM': 0.0}\n", '']
2019-04-28 10:12:12,601 <ERROR> Thread-2 can not find ./scripts/nodemanager.py
2019-04-28 10:12:12,721 <INFO> task datanode returned ["{u'ThreadsWaiting': -1.0, u'ThreadsTerminated': 0.0, u'GcTimeMillisParNew': 0.0, u'MemNonHeapCommittedM': 0.0, u'GcNumInfoThresholdExceeded': 0.0, u'GcTimeMillis': 0.0, u'MemHeapMaxM': 0.0, u'MemHeapUsedM': 16.24860000000001, u'ThreadsBlocked': 0.0, u'LogWarn': 0.0, u'GcTimeMillisConcurrentMarkSweep': 0.0, u'LogError': 0.0, u'MemHeapCommittedM': 0.0, u'GcCountParNew': 0.0, u'MemNonHeapMaxM': 0.0, u'GcCountConcurrentMarkSweep': 0.0, u'ThreadsNew': 0.0, u'ThreadsRunnable': -14.0, u'GcCount': 0.0, u'ThreadsTimedWaiting': 3.0, u'MemMaxM': 0.0, u'GcTotalExtraSleepTime': 0.0, u'GcNumWarnThresholdExceeded': 0.0, u'LogInfo': 19.0, u'LogFatal': 0.0, u'MemNonHeapUsedM': 0.0}\n", '']
2019-04-28 10:14:13,914 <ERROR> Thread-2 can not find ./scripts/nodemanager.py
2019-04-28 10:14:13,973 <INFO> task datanode returned ["{u'ThreadsWaiting': 1.0, u'ThreadsTerminated': 0.0, u'GcTimeMillisParNew': 0.0, u'MemNonHeapCommittedM': 0.0, u'GcNumInfoThresholdExceeded': 0.0, u'GcTimeMillis': 0.0, u'MemHeapMaxM': 0.0, u'MemHeapUsedM': 425.1370999999999, u'ThreadsBlocked': 0.0, u'LogWarn': 1.0, u'GcTimeMillisConcurrentMarkSweep': 0.0, u'LogError': 0.0, u'MemHeapCommittedM': 0.0, u'GcCountParNew': 0.0, u'MemNonHeapMaxM': 0.0, u'GcCountConcurrentMarkSweep': 0.0, u'ThreadsNew': 0.0, u'ThreadsRunnable': 4.0, u'GcCount': 0.0, u'ThreadsTimedWaiting': -2.0, u'MemMaxM': 0.0, u'GcTotalExtraSleepTime': 1.0, u'GcNumWarnThresholdExceeded': 0.0, u'LogInfo': 702.0, u'LogFatal': 0.0, u'MemNonHeapUsedM': 0.0}\n", '']
2019-04-28 10:14:45,233 <ERROR> Thread-2 can not find ./scripts/nodemanager.py
2019-04-28 10:14:45,478 <INFO> task datanode returned ["{u'ThreadsWaiting': 1.0, u'ThreadsTerminated': 0.0, u'GcTimeMillisParNew': 0.0, u'MemNonHeapCommittedM': 0.0, u'GcNumInfoThresholdExceeded': 0.0, u'GcTimeMillis': 0.0, u'MemHeapMaxM': 0.0, u'MemHeapUsedM': 80.11040000000003, u'ThreadsBlocked': 0.0, u'LogWarn': 0.0, u'GcTimeMillisConcurrentMarkSweep': 0.0, u'LogError': 0.0, u'MemHeapCommittedM': 0.0, u'GcCountParNew': 0.0, u'MemNonHeapMaxM': 0.0, u'GcCountConcurrentMarkSweep': 0.0, u'ThreadsNew': 0.0, u'ThreadsRunnable': 16.0, u'GcCount': 0.0, u'ThreadsTimedWaiting': -5.0, u'MemMaxM': 0.0, u'GcTotalExtraSleepTime': 0.0, u'GcNumWarnThresholdExceeded': 0.0, u'LogInfo': 67.0, u'LogFatal': 0.0, u'MemNonHeapUsedM': 0.0}", '']
2019-04-28 10:16:27,771 <ERROR> Thread-2 can not find ./scripts/nodemanager.py
2019-04-28 10:16:27,836 <INFO> Thread-1 datanode ["{u'ThreadsWaiting': 2.0, u'ThreadsTerminated': 0.0, u'GcTimeMillisParNew': 43.0, u'MemNonHeapCommittedM': 0.0, u'GcNumInfoThresholdExceeded': 0.0, u'GcTimeMillis': 43.0, u'MemHeapMaxM': 0.0, u'MemHeapUsedM': -524.1283, u'ThreadsBlocked': 0.0, u'LogWarn': 3.0, u'GcTimeMillisConcurrentMarkSweep': 0.0, u'LogError': 0.0, u'MemHeapCommittedM': 0.0, u'GcCountParNew': 1.0, u'MemNonHeapMaxM': 0.0, u'GcCountConcurrentMarkSweep': 0.0, u'ThreadsNew': 0.0, u'ThreadsRunnable': 4.0, u'GcCount': 1.0, u'ThreadsTimedWaiting': 5.0, u'MemMaxM': 0.0, u'GcTotalExtraSleepTime': 16.0, u'GcNumWarnThresholdExceeded': 0.0, u'LogInfo': 756.0, u'LogFatal': 0.0, u'MemNonHeapUsedM': 0.0}", '']
2019-04-28 10:16:46,971 <ERROR> Thread-2 can not find ./scripts/nodemanager.py
2019-04-28 10:16:47,039 <INFO> Thread-1 task datanode returned ["{u'ThreadsWaiting': -2.0, u'ThreadsTerminated': 0.0, u'GcTimeMillisParNew': 0.0, u'MemNonHeapCommittedM': 0.0, u'GcNumInfoThresholdExceeded': 0.0, u'GcTimeMillis': 0.0, u'MemHeapMaxM': 0.0, u'MemHeapUsedM': 102.33029999999997, u'ThreadsBlocked': 0.0, u'LogWarn': 0.0, u'GcTimeMillisConcurrentMarkSweep': 0.0, u'LogError': 0.0, u'MemHeapCommittedM': 0.0, u'GcCountParNew': 0.0, u'MemNonHeapMaxM': 0.0, u'GcCountConcurrentMarkSweep': 0.0, u'ThreadsNew': 0.0, u'ThreadsRunnable': 10.0, u'GcCount': 0.0, u'ThreadsTimedWaiting': 0.0, u'MemMaxM': 0.0, u'GcTotalExtraSleepTime': 0.0, u'GcNumWarnThresholdExceeded': 0.0, u'LogInfo': 108.0, u'LogFatal': 0.0, u'MemNonHeapUsedM': 0.0}", '']
